<?xml version="1.0" encoding="UTF-8"?>
<testsuite xmlns:xsi="http://www.w3.org/2001/XMLSchema-instance" xsi:noNamespaceSchemaLocation="https://maven.apache.org/surefire/maven-surefire-plugin/xsd/surefire-test-report-3.0.xsd" version="3.0" name="com.mms.SbMmsAngularApplicationTests" time="7.073" tests="1" errors="0" skipped="0" failures="0">
  <properties>
[...]
</properties>
  <testcase name="contextLoads" classname="com.mms.SbMmsAngularApplicationTests" time="0.848">
    <system-out><![CDATA[14:35:39.808 [main] INFO org.springframework.test.context.support.AnnotationConfigContextLoaderUtils -- Could not detect default configuration classes for test class [com.mms.SbMmsAngularApplicationTests]: SbMmsAngularApplicationTests does not declare any static, non-private, non-final, nested classes annotated with @Configuration.
14:35:39.939 [main] INFO org.springframework.boot.test.context.SpringBootTestContextBootstrapper -- Found @SpringBootConfiguration com.mms.SbMmsAngularApplication for test class com.mms.SbMmsAngularApplicationTests
14:35:40.172 [main] INFO org.springframework.boot.devtools.restart.RestartApplicationListener -- Restart disabled due to context in which it is running

  .   ____          _            __ _ _
 /\\ / ___'_ __ _ _(_)_ __  __ _ \ \ \ \
( ( )\___ | '_ | '_| | '_ \/ _` | \ \ \ \
 \\/  ___)| |_)| | | | | || (_| |  ) ) ) )
  '  |____| .__|_| |_|_| |_\__, | / / / /
 =========|_|==============|___/=/_/_/_/
 :: Spring Boot ::                (v3.2.0)

2024-01-19T14:35:40.534+05:30  INFO 22768 --- [           main] com.mms.SbMmsAngularApplicationTests     : Starting SbMmsAngularApplicationTests using Java 17.0.9 with PID 22768 (started by sankarasathasivam.m in F:\Eclipse workspace\SB-MMS-Angular)
2024-01-19T14:35:40.536+05:30  INFO 22768 --- [           main] com.mms.SbMmsAngularApplicationTests     : No active profile set, falling back to 1 default profile: "default"
2024-01-19T14:35:41.535+05:30  INFO 22768 --- [           main] .s.d.r.c.RepositoryConfigurationDelegate : Bootstrapping Spring Data JPA repositories in DEFAULT mode.
2024-01-19T14:35:41.614+05:30  INFO 22768 --- [           main] .s.d.r.c.RepositoryConfigurationDelegate : Finished Spring Data repository scanning in 67 ms. Found 1 JPA repository interface.
2024-01-19T14:35:42.031+05:30  WARN 22768 --- [           main] trationDelegate$BeanPostProcessorChecker : Bean 'org.springframework.ws.config.annotation.DelegatingWsConfiguration' of type [org.springframework.ws.config.annotation.DelegatingWsConfiguration$$SpringCGLIB$$0] is not eligible for getting processed by all BeanPostProcessors (for example: not eligible for auto-proxying). The currently created BeanPostProcessor [annotationActionEndpointMapping] is declared through a non-static factory method on that class; consider declaring it as static instead.
2024-01-19T14:35:42.083+05:30  INFO 22768 --- [           main] .w.s.a.s.AnnotationActionEndpointMapping : Supporting [WS-Addressing August 2004, WS-Addressing 1.0]
2024-01-19T14:35:42.383+05:30  INFO 22768 --- [           main] o.hibernate.jpa.internal.util.LogHelper  : HHH000204: Processing PersistenceUnitInfo [name: default]
2024-01-19T14:35:42.481+05:30  INFO 22768 --- [           main] org.hibernate.Version                    : HHH000412: Hibernate ORM core version 6.3.1.Final
2024-01-19T14:35:42.541+05:30  INFO 22768 --- [           main] o.h.c.internal.RegionFactoryInitiator    : HHH000026: Second-level cache disabled
2024-01-19T14:35:43.004+05:30  INFO 22768 --- [           main] o.s.o.j.p.SpringPersistenceUnitInfo      : No LoadTimeWeaver setup: ignoring JPA class transformer
2024-01-19T14:35:43.051+05:30  INFO 22768 --- [           main] com.zaxxer.hikari.HikariDataSource       : HikariPool-1 - Starting...
2024-01-19T14:35:43.475+05:30  INFO 22768 --- [           main] com.zaxxer.hikari.pool.HikariPool        : HikariPool-1 - Added connection com.mysql.cj.jdbc.ConnectionImpl@32e830a0
2024-01-19T14:35:43.479+05:30  INFO 22768 --- [           main] com.zaxxer.hikari.HikariDataSource       : HikariPool-1 - Start completed.
2024-01-19T14:35:44.559+05:30  INFO 22768 --- [           main] o.h.e.t.j.p.i.JtaPlatformInitiator       : HHH000489: No JTA platform available (set 'hibernate.transaction.jta.platform' to enable JTA platform integration)
2024-01-19T14:35:44.615+05:30  INFO 22768 --- [           main] j.LocalContainerEntityManagerFactoryBean : Initialized JPA EntityManagerFactory for persistence unit 'default'
2024-01-19T14:35:45.216+05:30  WARN 22768 --- [           main] JpaBaseConfiguration$JpaWebConfiguration : spring.jpa.open-in-view is enabled by default. Therefore, database queries may be performed during view rendering. Explicitly configure spring.jpa.open-in-view to disable this warning
2024-01-19T14:35:45.776+05:30  INFO 22768 --- [           main] com.mms.SbMmsAngularApplicationTests     : Started SbMmsAngularApplicationTests in 5.626 seconds (process running for 7.128)
]]></system-out>
  </testcase>
</testsuite>